<?xml version="1.0" encoding="UTF-8"?>
<!-- Generated by org.testng.reporters.JUnitReportReporter -->
<testsuite skipped="0" hostname="Shanky-2.local" name="org.testing.TestScripts.TC100_MerchantListing_MerchantService_Response2ndway" tests="1" failures="0" timestamp="2021-06-25T11:03:16 IST" time="26.682" errors="0">
  <testcase name="merchantDetailvialisting" time="26.682" classname="org.testing.TestScripts.TC100_MerchantListing_MerchantService_Response2ndway"/>
  <system-out/>
</testsuite> <!-- org.testing.TestScripts.TC100_MerchantListing_MerchantService_Response2ndway -->
