<?xml version="1.0" encoding="UTF-8"?>
<!-- Generated by org.testng.reporters.JUnitReportReporter -->
<testsuite skipped="0" hostname="Shanky-2.local" name="org.testing.TestScripts.TC4_openMerchantDetailViaChainingcopy" tests="1" failures="0" timestamp="2021-06-23T10:57:06 IST" time="21.152" errors="0">
  <testcase name="merchantDetailvialisting" time="21.152" classname="org.testing.TestScripts.TC4_openMerchantDetailViaChainingcopy"/>
  <system-out/>
</testsuite> <!-- org.testing.TestScripts.TC4_openMerchantDetailViaChainingcopy -->
