<?xml version="1.0" encoding="UTF-8"?>
<!-- Generated by org.testng.reporters.JUnitReportReporter -->
<testsuite skipped="0" hostname="Shanky-2.local" name="org.testing.TestScripts.TC1_MerchantListingAllRecords" tests="1" failures="0" timestamp="2021-06-30T18:37:24 IST" time="17.578" errors="0">
  <testcase name="merchantlisting" time="17.578" classname="org.testing.TestScripts.TC1_MerchantListingAllRecords"/>
  <system-out/>
</testsuite> <!-- org.testing.TestScripts.TC1_MerchantListingAllRecords -->
