<?xml version="1.0" encoding="UTF-8"?>
<!-- Generated by org.testng.reporters.JUnitReportReporter -->
<testsuite skipped="0" hostname="Shanky-2.local" name="ExtentReporting.extentReportWithTestng" tests="1" failures="0" timestamp="2021-05-31T17:02:12 IST" time="0.137" errors="0">
  <testcase name="test" time="0.137" classname="ExtentReporting.extentReportWithTestng"/>
  <system-out/>
</testsuite> <!-- ExtentReporting.extentReportWithTestng -->
