<?xml version="1.0" encoding="UTF-8"?>
<!-- Generated by org.testng.reporters.JUnitReportReporter -->
<testsuite skipped="0" hostname="Shanky-2.local" name="org.testing.TestScripts.TC5_RewardsStorefront" tests="1" failures="0" timestamp="2021-06-30T10:19:06 IST" time="14.365" errors="0">
  <testcase name="RewardSF" time="14.365" classname="org.testing.TestScripts.TC5_RewardsStorefront"/>
  <system-out/>
</testsuite> <!-- org.testing.TestScripts.TC5_RewardsStorefront -->
