<?xml version="1.0" encoding="UTF-8"?>
<!-- Generated by org.testng.reporters.JUnitReportReporter -->
<testsuite skipped="0" hostname="Shanky-2.local" name="org.testing.TestScripts.TC8_FilteredListing" tests="1" failures="0" timestamp="2021-06-30T10:27:16 IST" time="13.403" errors="0">
  <testcase name="defaultFilteredData" time="13.403" classname="org.testing.TestScripts.TC8_FilteredListing"/>
  <system-out/>
</testsuite> <!-- org.testing.TestScripts.TC8_FilteredListing -->
