<?xml version="1.0" encoding="UTF-8"?>
<!-- Generated by org.testng.reporters.JUnitReportReporter -->
<testsuite skipped="0" hostname="Shanky-2.local" name="org.testing.TestScripts.TC7_ChangeLocation" tests="1" failures="0" timestamp="2021-06-23T11:46:36 IST" time="1.222" errors="0">
  <testcase name="searchOutlet" time="1.222" classname="org.testing.TestScripts.TC7_ChangeLocation"/>
  <system-out/>
</testsuite> <!-- org.testing.TestScripts.TC7_ChangeLocation -->
