<?xml version="1.0" encoding="UTF-8"?>
<!-- Generated by org.testng.reporters.JUnitReportReporter -->
<testsuite skipped="0" hostname="Shanky-2.local" name="org.testing.utilities.ReadFromExcelFile" tests="3" failures="0" timestamp="2021-06-03T15:49:47 IST" time="1.012" errors="0">
  <testcase name="rowCount" time="0.887" classname="org.testing.utilities.ReadFromExcelFile"/>
  <system-out/>
  <testcase name="getCellDataString" time="0.069" classname="org.testing.utilities.ReadFromExcelFile"/>
  <system-out/>
  <testcase name="getCellDataNumber" time="0.056" classname="org.testing.utilities.ReadFromExcelFile"/>
  <system-out/>
</testsuite> <!-- org.testing.utilities.ReadFromExcelFile -->
