<?xml version="1.0" encoding="UTF-8"?>
<!-- Generated by org.testng.reporters.JUnitReportReporter -->
<testsuite skipped="0" hostname="Shanky-2.local" name="org.testing.TestScripts.test" tests="1" failures="0" timestamp="2021-06-23T18:57:10 IST" time="0.072" errors="0">
  <testcase name="test" time="0.072" classname="org.testing.TestScripts.test"/>
  <system-out/>
</testsuite> <!-- org.testing.TestScripts.test -->
