<?xml version="1.0" encoding="UTF-8"?>
<!-- Generated by org.testng.reporters.JUnitReportReporter -->
<testsuite skipped="0" hostname="Shanky-2.local" name="org.testing.TestScripts.TC3_openMerchantDetail" tests="1" failures="0" timestamp="2021-06-30T18:38:32 IST" time="14.248" errors="0">
  <testcase name="merchantDetail" time="14.248" classname="org.testing.TestScripts.TC3_openMerchantDetail"/>
  <system-out/>
</testsuite> <!-- org.testing.TestScripts.TC3_openMerchantDetail -->
