<?xml version="1.0" encoding="UTF-8"?>
<!-- Generated by org.testng.reporters.JUnitReportReporter -->
<testsuite skipped="0" hostname="Shanky-2.local" name="org.testing.TestScripts.TC2_LocationListingAllRecords_dummy" tests="1" failures="0" timestamp="2021-06-09T15:16:17 IST" time="33.067" errors="0">
  <testcase name="loctionlisting" time="33.067" classname="org.testing.TestScripts.TC2_LocationListingAllRecords_dummy"/>
  <system-out/>
</testsuite> <!-- org.testing.TestScripts.TC2_LocationListingAllRecords_dummy -->
