<?xml version="1.0" encoding="UTF-8"?>
<!-- Generated by org.testng.reporters.JUnitReportReporter -->
<testsuite skipped="0" hostname="Shanky-2.local" name="org.testing.TestScripts.TC1_MerchantListingAllRecordsdummy1" tests="1" failures="0" timestamp="2021-06-10T12:53:53 IST" time="26.945" errors="0">
  <testcase name="merchantlisting" time="26.945" classname="org.testing.TestScripts.TC1_MerchantListingAllRecordsdummy1"/>
  <system-out/>
</testsuite> <!-- org.testing.TestScripts.TC1_MerchantListingAllRecordsdummy1 -->
