<?xml version="1.0" encoding="UTF-8"?>
<!-- Generated by org.testng.reporters.JUnitReportReporter -->
<testsuite skipped="0" hostname="Shanky-2.local" name="org.testing.TestScripts.TC4_openMerchantDetailViaChaining" tests="1" failures="0" timestamp="2021-06-02T12:32:42 IST" time="0.985" errors="0">
  <testcase name="merchantDetailvialisting" time="0.985" classname="org.testing.TestScripts.TC4_openMerchantDetailViaChaining"/>
  <system-out/>
</testsuite> <!-- org.testing.TestScripts.TC4_openMerchantDetailViaChaining -->
