<?xml version="1.0" encoding="UTF-8"?>
<!-- Generated by org.testng.reporters.JUnitReportReporter -->
<testsuite skipped="0" hostname="Shanky-2.local" name="org.testing.TestScripts.TC6_OutletSearch" tests="1" failures="0" timestamp="2021-06-22T12:23:27 IST" time="1.894" errors="0">
  <testcase name="searchOutlet" time="1.894" classname="org.testing.TestScripts.TC6_OutletSearch"/>
  <system-out/>
</testsuite> <!-- org.testing.TestScripts.TC6_OutletSearch -->
